Release 7.1i - xst H.38
Copyright (c) 1995-2005 Xilinx, Inc.  All rights reserved.
--> Parameter TMPDIR set to __projnav
CPU : 0.00 / 1.01 s | Elapsed : 0.00 / 1.00 s
 
--> Parameter xsthdpdir set to ./xst
CPU : 0.00 / 1.01 s | Elapsed : 0.00 / 1.00 s
 
--> Reading design: spi_master.prj

TABLE OF CONTENTS
  1) Synthesis Options Summary
  2) HDL Compilation
  3) HDL Analysis
  4) HDL Synthesis
  5) Advanced HDL Synthesis
     5.1) HDL Synthesis Report
  6) Low Level Synthesis
  7) Final Report
     7.1) Device utilization summary
     7.2) TIMING REPORT


=========================================================================
*                      Synthesis Options Summary                        *
=========================================================================
---- Source Parameters
Input File Name                    : "spi_master.prj"
Input Format                       : mixed
Ignore Synthesis Constraint File   : NO

---- Target Parameters
Output File Name                   : "spi_master"
Output Format                      : NGC
Target Device                      : xc3s200-4-pq208

---- Source Options
Top Module Name                    : spi_master
Automatic FSM Extraction           : YES
FSM Encoding Algorithm             : Auto
FSM Style                          : lut
RAM Extraction                     : Yes
RAM Style                          : Auto
ROM Extraction                     : Yes
ROM Style                          : Auto
Mux Extraction                     : YES
Decoder Extraction                 : YES
Priority Encoder Extraction        : YES
Shift Register Extraction          : YES
Logical Shifter Extraction         : YES
XOR Collapsing                     : YES
Resource Sharing                   : YES
Multiplier Style                   : auto
Automatic Register Balancing       : No

---- Target Options
Add IO Buffers                     : YES
Global Maximum Fanout              : 500
Add Generic Clock Buffer(BUFG)     : 8
Register Duplication               : YES
Equivalent register Removal        : YES
Slice Packing                      : YES
Pack IO Registers into IOBs        : auto

---- General Options
Optimization Goal                  : Speed
Optimization Effort                : 1
Keep Hierarchy                     : NO
Global Optimization                : AllClockNets
RTL Output                         : Yes
Write Timing Constraints           : NO
Hierarchy Separator                : /
Bus Delimiter                      : <>
Case Specifier                     : maintain
Slice Utilization Ratio            : 100
Slice Utilization Ratio Delta      : 5

---- Other Options
lso                                : spi_master.lso
Read Cores                         : YES
cross_clock_analysis               : NO
verilog2001                        : YES
safe_implementation                : No
Optimize Instantiated Primitives   : NO
use_clock_enable                   : Yes
use_sync_set                       : Yes
use_sync_reset                     : Yes
enable_auto_floorplanning          : No

=========================================================================


=========================================================================
*                          HDL Compilation                              *
=========================================================================
Compiling verilog file "spi_master.v"
Module <spi_master> compiled
No errors in compilation
Analysis of file <"spi_master.prj"> succeeded.
 

=========================================================================
*                            HDL Analysis                               *
=========================================================================
Analyzing top module <spi_master>.
Module <spi_master> is correct for synthesis.
 
    Set property "resynthesize = true" for unit <spi_master>.

=========================================================================
*                           HDL Synthesis                               *
=========================================================================

Synthesizing Unit <spi_master>.
    Related source file is "spi_master.v".
    Found 1-bit register for signal <cs>.
    Found 1-bit register for signal <mosi>.
    Found 1-bit register for signal <done>.
    Found 1-bit register for signal <sclk>.
    Found 4-bit 4-to-1 multiplexer for signal <$n0010>.
    Found 3-bit adder for signal <$n0012> created at line 80.
    Found 4-bit adder for signal <$n0013> created at line 64.
    Found 3-bit register for signal <bit_cnt>.
    Found 1-bit register for signal <busy>.
    Found 4-bit register for signal <clk_div>.
    Found 8-bit register for signal <shift_reg>.
    Summary:
	inferred  20 D-type flip-flop(s).
	inferred   2 Adder/Subtractor(s).
	inferred   4 Multiplexer(s).
Unit <spi_master> synthesized.


=========================================================================
*                       Advanced HDL Synthesis                          *
=========================================================================

Advanced RAM inference ...
Advanced multiplier inference ...
Advanced Registered AddSub inference ...
Dynamic shift register inference ...

=========================================================================
HDL Synthesis Report

Macro Statistics
# Adders/Subtractors               : 2
 3-bit adder                       : 1
 4-bit adder                       : 1
# Registers                        : 8
 1-bit register                    : 5
 3-bit register                    : 1
 4-bit register                    : 1
 8-bit register                    : 1
# Multiplexers                     : 1
 4-bit 4-to-1 multiplexer          : 1

=========================================================================

=========================================================================
*                         Low Level Synthesis                           *
=========================================================================

Optimizing unit <spi_master> ...
Loading device for application Rf_Device from file '3s200.nph' in environment C:/Users/SHASHANK/OneDrive/Desktop/_xmsgs.

Mapping all equations...
Building and optimizing final netlist ...
Found area constraint ratio of 100 (+ 5) on block spi_master, actual ratio is 0.
FlipFlop busy has been replicated 1 time(s)

=========================================================================
*                            Final Report                               *
=========================================================================
Final Results
RTL Top Level Output File Name     : spi_master.ngr
Top Level Output File Name         : spi_master
Output Format                      : NGC
Optimization Goal                  : Speed
Keep Hierarchy                     : NO

Design Statistics
# IOs                              : 15

Macro Statistics :
# Registers                        : 8
#      1-bit register              : 5
#      3-bit register              : 1
#      4-bit register              : 1
#      8-bit register              : 1
# Multiplexers                     : 1
#      4-bit 4-to-1 multiplexer    : 1

Cell Usage :
# BELS                             : 34
#      INV                         : 1
#      LUT2                        : 6
#      LUT2_L                      : 3
#      LUT3                        : 11
#      LUT3_D                      : 1
#      LUT3_L                      : 1
#      LUT4                        : 5
#      LUT4_D                      : 1
#      LUT4_L                      : 5
# FlipFlops/Latches                : 21
#      FDC                         : 1
#      FDCE                        : 19
#      FDPE                        : 1
# Clock Buffers                    : 1
#      BUFGP                       : 1
# IO Buffers                       : 14
#      IBUF                        : 10
#      OBUF                        : 4
=========================================================================

Device utilization summary:
---------------------------

Selected Device : 3s200pq208-4 

 Number of Slices:                      18  out of   1920     0%  
 Number of Slice Flip Flops:            21  out of   3840     0%  
 Number of 4 input LUTs:                33  out of   3840     0%  
 Number of bonded IOBs:                 15  out of    141    10%  
 Number of GCLKs:                        1  out of      8    12%  


=========================================================================
TIMING REPORT

NOTE: THESE TIMING NUMBERS ARE ONLY A SYNTHESIS ESTIMATE.
      FOR ACCURATE TIMING INFORMATION PLEASE REFER TO THE TRACE REPORT
      GENERATED AFTER PLACE-and-ROUTE.

Clock Information:
------------------
-----------------------------------+------------------------+-------+
Clock Signal                       | Clock buffer(FF name)  | Load  |
-----------------------------------+------------------------+-------+
clk                                | BUFGP                  | 21    |
-----------------------------------+------------------------+-------+

Timing Summary:
---------------
Speed Grade: -4

   Minimum period: 6.336ns (Maximum Frequency: 157.828MHz)
   Minimum input arrival time before clock: 6.196ns
   Maximum output required time after clock: 7.281ns
   Maximum combinational path delay: No path found

Timing Detail:
--------------
All values displayed in nanoseconds (ns)

=========================================================================
Timing constraint: Default period analysis for Clock 'clk'
  Clock period: 6.336ns (frequency: 157.828MHz)
  Total number of paths / destination ports: 171 / 41
-------------------------------------------------------------------------
Delay:               6.336ns (Levels of Logic = 2)
  Source:            busy (FF)
  Destination:       busy_1 (FF)
  Source Clock:      clk rising
  Destination Clock: clk rising

  Data Path: busy to busy_1
                                Gate     Net
    Cell:in->out      fanout   Delay   Delay  Logical Name (Net Name)
    ----------------------------------------  ------------
     FDCE:C->Q            24   0.720   1.865  busy (busy)
     LUT3_D:I2->O          1   0.551   1.140  Ker0_SW0 (N4)
     LUT4:I0->O            3   0.551   0.907  _n00291 (_n0029)
     FDCE:CE                   0.602          busy
    ----------------------------------------
    Total                      6.336ns (2.424ns logic, 3.912ns route)
                                       (38.3% logic, 61.7% route)

=========================================================================
Timing constraint: Default OFFSET IN BEFORE for Clock 'clk'
  Total number of paths / destination ports: 30 / 27
-------------------------------------------------------------------------
Offset:              6.196ns (Levels of Logic = 4)
  Source:            start (PAD)
  Destination:       busy_1 (FF)
  Destination Clock: clk rising

  Data Path: start to busy_1
                                Gate     Net
    Cell:in->out      fanout   Delay   Delay  Logical Name (Net Name)
    ----------------------------------------  ------------
     IBUF:I->O             5   0.821   1.260  start_IBUF (start_IBUF)
     LUT2:I0->O            1   0.551   0.827  Ker0_SW3_SW0 (N21)
     LUT4_L:I3->LO         1   0.551   0.126  Ker0_SW3 (N13)
     LUT4:I3->O            3   0.551   0.907  _n00291 (_n0029)
     FDCE:CE                   0.602          busy
    ----------------------------------------
    Total                      6.196ns (3.076ns logic, 3.120ns route)
                                       (49.6% logic, 50.4% route)

=========================================================================
Timing constraint: Default OFFSET OUT AFTER for Clock 'clk'
  Total number of paths / destination ports: 4 / 4
-------------------------------------------------------------------------
Offset:              7.281ns (Levels of Logic = 1)
  Source:            sclk (FF)
  Destination:       sclk (PAD)
  Source Clock:      clk rising

  Data Path: sclk to sclk
                                Gate     Net
    Cell:in->out      fanout   Delay   Delay  Logical Name (Net Name)
    ----------------------------------------  ------------
     FDCE:C->Q             4   0.720   0.917  sclk (sclk_OBUF)
     OBUF:I->O                 5.644          sclk_OBUF (sclk)
    ----------------------------------------
    Total                      7.281ns (6.364ns logic, 0.917ns route)
                                       (87.4% logic, 12.6% route)

=========================================================================
CPU : 2.70 / 3.81 s | Elapsed : 3.00 / 4.00 s
 
--> 

Total memory usage is 170132 kilobytes

Number of errors   :    0 (   0 filtered)
Number of warnings :    0 (   0 filtered)
Number of infos    :    0 (   0 filtered)

